android-app/app/build/intermediates/manifest_merge_blame_file/release/processReleaseMainManifest/manifest-merger-blame-release-report.txt
1<?xml version="1.0" encoding="utf-8"?>
2<manifest xmlns:android="http://schemas.android.com/apk/res/android"
3    package="com.nexgigs.app"
4    android:versionCode="1"
5    android:versionName="1.0.0" >
6
7    <uses-sdk
8        android:minSdkVersion="24"
9        android:targetSdkVersion="35" />
10
11    <uses-permission android:name="android.permission.INTERNET" />
11-->src\main\AndroidManifest.xml:4:5-67
11-->src\main\AndroidManifest.xml:4:22-64
12    <uses-permission android:name="android.permission.ACCESS_FINE_LOCATION" />
12-->src\main\AndroidManifest.xml:5:5-79
12-->src\main\AndroidManifest.xml:5:22-76
13    <uses-permission android:name="android.permission.ACCESS_COARSE_LOCATION" />
13-->src\main\AndroidManifest.xml:6:5-81
13-->src\main\AndroidManifest.xml:6:22-78
14    <uses-permission android:name="android.permission.CAMERA" />
14-->src\main\AndroidManifest.xml:7:5-65
14-->src\main\AndroidManifest.xml:7:22-62
15    <uses-permission android:name="android.permission.POST_NOTIFICATIONS" />
15-->src\main\AndroidManifest.xml:8:5-77
15-->src\main\AndroidManifest.xml:8:22-74
16
17    <queries>
17-->[com.google.androidbrowserhelper:androidbrowserhelper:2.5.0] AndroidManifest.xml:26:5-34:15
18        <intent>
18-->[com.google.androidbrowserhelper:androidbrowserhelper:2.5.0] AndroidManifest.xml:27:9-33:18
19            <action android:name="android.intent.action.VIEW" />
19-->src\main\AndroidManifest.xml:64:17-69
19-->src\main\AndroidManifest.xml:64:25-66
20
21            <category android:name="android.intent.category.BROWSABLE" />
21-->src\main\AndroidManifest.xml:66:17-78
21-->src\main\AndroidManifest.xml:66:27-75
22
23            <data android:scheme="https" />
23-->src\main\AndroidManifest.xml:67:23-45
24        </intent>
25    </queries>
26
27    <application
28        android:allowBackup="true"
28-->src\main\AndroidManifest.xml:13:9-35
29        android:appComponentFactory="androidx.core.app.CoreComponentFactory"
29-->[androidx.core:core:1.1.0] AndroidManifest.xml:24:18-86
30        android:extractNativeLibs="false"
31        android:icon="@mipmap/ic_launcher"
31-->src\main\AndroidManifest.xml:12:9-43
32        android:label="NexGigs"
32-->src\main\AndroidManifest.xml:11:9-40
33        android:supportsRtl="true"
33-->src\main\AndroidManifest.xml:14:9-35
34        android:theme="@style/Theme.NexGigs" >
34-->src\main\AndroidManifest.xml:15:9-45
35        <meta-data
36            android:name="asset_statements"
36-->src\main\AndroidManifest.xml:18:13-44
37            android:value="[{&quot;relation&quot;: [&quot;delegate_permission/common.handle_all_urls&quot;],&quot;target&quot;: {&quot;namespace&quot;: &quot;android_app&quot;, &quot;package_name&quot;: &quot;com.nexgigs.app&quot;,&quot;sha256_cert_fingerprints&quot;: [&quot;2D:FE:7A:9B:16:BE:4E:A6:A4:F1:AA:B0:02:0E:C0:B7:F2:37:8A:0F:10:D8:8C:F7:83:7B:1A:B6:AF:30:82:C0&quot;]}}]" />
37-->src\main\AndroidManifest.xml:19:13-47
38
39        <activity
39-->src\main\AndroidManifest.xml:21:9-69:20
40            android:name="com.google.androidbrowserhelper.trusted.LauncherActivity"
40-->src\main\AndroidManifest.xml:22:13-84
41            android:exported="true"
41-->src\main\AndroidManifest.xml:23:13-36
42            android:theme="@style/Theme.NexGigs.Splash" >
42-->src\main\AndroidManifest.xml:24:13-56
43            <meta-data
44                android:name="android.support.customtabs.trusted.DEFAULT_URL"
44-->src\main\AndroidManifest.xml:27:17-78
45                android:value="https://nexgigs.com/dashboard" />
45-->src\main\AndroidManifest.xml:28:17-46
46            <meta-data
46-->src\main\AndroidManifest.xml:30:13-32:43
47                android:name="android.support.customtabs.trusted.STATUS_BAR_COLOR"
47-->src\main\AndroidManifest.xml:31:17-83
48                android:value="#FF4D00" />
48-->src\main\AndroidManifest.xml:32:17-40
49            <meta-data
49-->src\main\AndroidManifest.xml:34:13-36:43
50                android:name="android.support.customtabs.trusted.NAVIGATION_BAR_COLOR"
50-->src\main\AndroidManifest.xml:35:17-87
51                android:value="#0a0a0a" />
51-->src\main\AndroidManifest.xml:36:17-40
52            <meta-data
52-->src\main\AndroidManifest.xml:38:13-40:43
53                android:name="android.support.customtabs.trusted.NAVIGATION_BAR_COLOR_DARK"
53-->src\main\AndroidManifest.xml:39:17-92
54                android:value="#0a0a0a" />
54-->src\main\AndroidManifest.xml:40:17-40
55            <meta-data
55-->src\main\AndroidManifest.xml:42:13-44:55
56                android:name="android.support.customtabs.trusted.SPLASH_IMAGE_DRAWABLE"
56-->src\main\AndroidManifest.xml:43:17-88
57                android:resource="@drawable/splash" />
57-->src\main\AndroidManifest.xml:44:17-52
58            <meta-data
58-->src\main\AndroidManifest.xml:46:13-48:43
59                android:name="android.support.customtabs.trusted.SPLASH_SCREEN_BACKGROUND_COLOR"
59-->src\main\AndroidManifest.xml:47:17-97
60                android:value="#0a0a0a" />
60-->src\main\AndroidManifest.xml:48:17-40
61            <meta-data
61-->src\main\AndroidManifest.xml:50:13-52:39
62                android:name="android.support.customtabs.trusted.SPLASH_SCREEN_FADE_OUT_DURATION"
62-->src\main\AndroidManifest.xml:51:17-98
63                android:value="300" />
63-->src\main\AndroidManifest.xml:52:17-36
64            <meta-data
64-->src\main\AndroidManifest.xml:54:13-56:44
65                android:name="android.support.customtabs.trusted.SCREEN_ORIENTATION"
65-->src\main\AndroidManifest.xml:55:17-85
66                android:value="portrait" />
66-->src\main\AndroidManifest.xml:56:17-41
67
68            <intent-filter>
68-->src\main\AndroidManifest.xml:58:13-61:29
69                <action android:name="android.intent.action.MAIN" />
69-->src\main\AndroidManifest.xml:59:17-69
69-->src\main\AndroidManifest.xml:59:25-66
70
71                <category android:name="android.intent.category.LAUNCHER" />
71-->src\main\AndroidManifest.xml:60:17-77
71-->src\main\AndroidManifest.xml:60:27-74
72            </intent-filter>
73            <intent-filter android:autoVerify="true" >
73-->src\main\AndroidManifest.xml:63:13-68:29
73-->src\main\AndroidManifest.xml:63:28-53
74                <action android:name="android.intent.action.VIEW" />
74-->src\main\AndroidManifest.xml:64:17-69
74-->src\main\AndroidManifest.xml:64:25-66
75
76                <category android:name="android.intent.category.DEFAULT" />
76-->src\main\AndroidManifest.xml:65:17-76
76-->src\main\AndroidManifest.xml:65:27-73
77                <category android:name="android.intent.category.BROWSABLE" />
77-->src\main\AndroidManifest.xml:66:17-78
77-->src\main\AndroidManifest.xml:66:27-75
78
79                <data
80                    android:host="nexgigs.com"
80-->src\main\AndroidManifest.xml:67:46-72
81                    android:scheme="https" />
81-->src\main\AndroidManifest.xml:67:23-45
82            </intent-filter>
83        </activity>
84        <activity android:name="com.google.androidbrowserhelper.trusted.FocusActivity" />
84-->src\main\AndroidManifest.xml:71:9-90
84-->src\main\AndroidManifest.xml:71:19-87
85
86        <service
86-->src\main\AndroidManifest.xml:73:9-81:19
87            android:name="com.google.androidbrowserhelper.trusted.DelegationService"
87-->src\main\AndroidManifest.xml:74:13-85
88            android:enabled="true"
88-->src\main\AndroidManifest.xml:75:13-35
89            android:exported="false" >
89-->src\main\AndroidManifest.xml:76:13-37
90            <intent-filter>
90-->src\main\AndroidManifest.xml:77:13-80:29
91                <action android:name="android.support.customtabs.trusted.TRUSTED_WEB_ACTIVITY_SERVICE" />
91-->src\main\AndroidManifest.xml:78:17-106
91-->src\main\AndroidManifest.xml:78:25-103
92
93                <category android:name="android.intent.category.DEFAULT" />
93-->src\main\AndroidManifest.xml:65:17-76
93-->src\main\AndroidManifest.xml:65:27-73
94            </intent-filter>
95        </service>
96    </application>
97
98</manifest>